<?xml version="1.0" encoding="UTF-8"?>
<!-- Generated by org.testng.reporters.JUnitXMLReporter -->
<testsuite hostname="QAPLANET-PC" name="myTest" tests="6" failures="0" timestamp="5 Feb 2019 09:35:42 GMT" time="31.856" errors="0">
  <testcase name="addEmp" time="26.875" classname="myPack.Roltas"/>
  <testcase name="deleteEmp" time="0.003" classname="myPack.Roltas"/>
  <testcase name="editEmp" time="0.0" classname="myPack.Roltas"/>
  <testcase name="verifyLogin" time="4.962" classname="myPack.Roltas"/>
  <testcase name="m1" time="0.0" classname="myPack1.Rolta"/>
  <testcase name="m2" time="0.0" classname="myPack1.Rolta"/>
</testsuite> <!-- myTest -->
